{
  "stats": {
    "suites": 1,
    "tests": 1,
    "passes": 1,
    "pending": 0,
    "failures": 0,
    "start": "2022-04-22T05:14:56.830Z",
    "end": "2022-04-22T05:15:02.844Z",
    "duration": 6014,
    "testsRegistered": 1,
    "passPercent": 100,
    "pendingPercent": 0,
    "other": 0,
    "hasOther": false,
    "skipped": 0,
    "hasSkipped": false
  },
  "results": [
    {
      "uuid": "f2dd0655-bf66-4013-9d4e-c0d210f3135e",
      "title": "",
      "fullFile": "cypress/integration/session1/mouseHover.js",
      "file": "cypress/integration/session1/mouseHover.js",
      "beforeHooks": [],
      "afterHooks": [],
      "tests": [],
      "suites": [
        {
          "uuid": "8abc6e4a-d269-41e0-9414-fd221e89d539",
          "title": "Mouse Hover",
          "fullFile": "",
          "file": "",
          "beforeHooks": [],
          "afterHooks": [],
          "tests": [
            {
              "title": "Click in button hover",
              "fullTitle": "Mouse Hover Click in button hover",
              "timedOut": null,
              "duration": 4522,
              "state": "passed",
              "speed": "fast",
              "pass": true,
              "fail": false,
              "pending": false,
              "context": null,
              "code": "cy.visit(Cypress.env('url') + '/AutomationPractice/');\ncy.get('.mouse-hover-content').invoke('show');\ncy.contains('Top').click();\ncy.url().should('include', 'top');",
              "err": {},
              "uuid": "ab998d6e-1f75-4214-92d9-937be7ef7e05",
              "parentUUID": "8abc6e4a-d269-41e0-9414-fd221e89d539",
              "isHook": false,
              "skipped": false
            }
          ],
          "suites": [],
          "passes": [
            "ab998d6e-1f75-4214-92d9-937be7ef7e05"
          ],
          "failures": [],
          "pending": [],
          "skipped": [],
          "duration": 4522,
          "root": false,
          "rootEmpty": false,
          "_timeout": 2000
        }
      ],
      "passes": [],
      "failures": [],
      "pending": [],
      "skipped": [],
      "duration": 0,
      "root": true,
      "rootEmpty": true,
      "_timeout": 2000
    }
  ],
  "meta": {
    "mocha": {
      "version": "7.0.1"
    },
    "mochawesome": {
      "options": {
        "quiet": true,
        "reportFilename": "mochawesome",
        "saveHtml": true,
        "saveJson": true,
        "consoleReporter": "spec",
        "useInlineDiffs": false,
        "code": true
      },
      "version": "6.3.1"
    },
    "marge": {
      "options": {
        "id": "default",
        "reportDir": "mochawesome-report",
        "quiet": true,
        "overwrite": false,
        "html": true,
        "json": true
      },
      "version": "5.2.0"
    }
  }
}