{
  "stats": {
    "suites": 1,
    "tests": 1,
    "passes": 1,
    "pending": 0,
    "failures": 0,
    "start": "2022-04-22T05:51:45.450Z",
    "end": "2022-04-22T05:51:52.224Z",
    "duration": 6774,
    "testsRegistered": 1,
    "passPercent": 100,
    "pendingPercent": 0,
    "other": 0,
    "hasOther": false,
    "skipped": 0,
    "hasSkipped": false
  },
  "results": [
    {
      "uuid": "ac80b176-fbbd-4ef8-bbf4-759a7f085e7d",
      "title": "",
      "fullFile": "cypress/integration/session1/searchProduct.spec.js",
      "file": "cypress/integration/session1/searchProduct.spec.js",
      "beforeHooks": [],
      "afterHooks": [],
      "tests": [],
      "suites": [
        {
          "uuid": "834486eb-b6df-4f2b-98f1-c179300caf8e",
          "title": "Search product",
          "fullFile": "",
          "file": "",
          "beforeHooks": [],
          "afterHooks": [],
          "tests": [
            {
              "title": "Search product",
              "fullTitle": "Search product Search product",
              "timedOut": null,
              "duration": 4968,
              "state": "passed",
              "speed": "fast",
              "pass": true,
              "fail": false,
              "pending": false,
              "context": null,
              "code": "cy.visit(Cypress.env('url') + '/seleniumPractise/#/');\ncy.get('input.search-keyword').type('ca');\ncy.wait(2000);\ncy.get('.products').find('.product').each($el => {\n  const textVeg = $el.find('h4.product-name').text();\n  if (textVeg.includes('Cashews')) {\n    cy.wrap($el).find('button').click();\n  }\n});\ncy.get('.cart-icon > img').click();\ncy.contains('PROCEED TO CHECKOUT').click();\ncy.contains('Place Order').click();",
              "err": {},
              "uuid": "ac256218-adee-456a-b70e-1f4917ab35c4",
              "parentUUID": "834486eb-b6df-4f2b-98f1-c179300caf8e",
              "isHook": false,
              "skipped": false
            }
          ],
          "suites": [],
          "passes": [
            "ac256218-adee-456a-b70e-1f4917ab35c4"
          ],
          "failures": [],
          "pending": [],
          "skipped": [],
          "duration": 4968,
          "root": false,
          "rootEmpty": false,
          "_timeout": 2000
        }
      ],
      "passes": [],
      "failures": [],
      "pending": [],
      "skipped": [],
      "duration": 0,
      "root": true,
      "rootEmpty": true,
      "_timeout": 2000
    }
  ],
  "meta": {
    "mocha": {
      "version": "7.0.1"
    },
    "mochawesome": {
      "options": {
        "quiet": true,
        "reportFilename": "mochawesome",
        "saveHtml": true,
        "saveJson": true,
        "consoleReporter": "spec",
        "useInlineDiffs": false,
        "code": true
      },
      "version": "6.3.1"
    },
    "marge": {
      "options": {
        "id": "default",
        "reportDir": "mochawesome-report",
        "quiet": true,
        "overwrite": false,
        "html": true,
        "json": true
      },
      "version": "5.2.0"
    }
  }
}