{
  "stats": {
    "suites": 1,
    "tests": 1,
    "passes": 1,
    "pending": 0,
    "failures": 0,
    "start": "2022-04-23T05:45:16.215Z",
    "end": "2022-04-23T05:45:16.741Z",
    "duration": 526,
    "testsRegistered": 1,
    "passPercent": 100,
    "pendingPercent": 0,
    "other": 0,
    "hasOther": false,
    "skipped": 0,
    "hasSkipped": false
  },
  "results": [
    {
      "uuid": "e586c16b-0774-4b74-8c88-662b4aa6ec70",
      "title": "",
      "fullFile": "cypress/integration/request/request.spec.js",
      "file": "cypress/integration/request/request.spec.js",
      "beforeHooks": [],
      "afterHooks": [],
      "tests": [],
      "suites": [
        {
          "uuid": "7ecbe683-2f6f-42f5-b1e2-21e08bd0d96a",
          "title": "Request API",
          "fullFile": "",
          "file": "",
          "beforeHooks": [],
          "afterHooks": [],
          "tests": [
            {
              "title": "Post book",
              "fullTitle": "Request API Post book",
              "timedOut": null,
              "duration": 499,
              "state": "passed",
              "speed": "fast",
              "pass": true,
              "fail": false,
              "pending": false,
              "context": null,
              "code": "var id = null;\nconst name = _faker.faker.random.word();\nconst isbn = _faker.faker.datatype.string(3);\nconst aisle = _faker.faker.datatype.number();\nconst author = _faker.faker.name.findName();\ncy.request({\n  method: 'POST',\n  url: 'http://216.10.245.166/Library/Addbook.php',\n  body: {\n    \"name\": name,\n    \"isbn\": isbn,\n    \"aisle\": aisle,\n    \"author\": author\n  }\n}).then(response => {\n  id = response.body.ID;\n  expect(response.status).to.eq(200);\n  expect(response.body.Msg, \"Success\").to.be.equal('successfully added');\n  expect(response.body.ID, \"ID\").to.be.equal(id);\n});",
              "err": {},
              "uuid": "eede60cb-e08b-48c8-bbc3-6e9b83e31c1c",
              "parentUUID": "7ecbe683-2f6f-42f5-b1e2-21e08bd0d96a",
              "isHook": false,
              "skipped": false
            }
          ],
          "suites": [],
          "passes": [
            "eede60cb-e08b-48c8-bbc3-6e9b83e31c1c"
          ],
          "failures": [],
          "pending": [],
          "skipped": [],
          "duration": 499,
          "root": false,
          "rootEmpty": false,
          "_timeout": 2000
        }
      ],
      "passes": [],
      "failures": [],
      "pending": [],
      "skipped": [],
      "duration": 0,
      "root": true,
      "rootEmpty": true,
      "_timeout": 2000
    }
  ],
  "meta": {
    "mocha": {
      "version": "7.0.1"
    },
    "mochawesome": {
      "options": {
        "quiet": true,
        "reportFilename": "mochawesome",
        "saveHtml": true,
        "saveJson": true,
        "consoleReporter": "spec",
        "useInlineDiffs": false,
        "code": true
      },
      "version": "6.3.1"
    },
    "marge": {
      "options": {
        "id": "default",
        "reportDir": "mochawesome-report",
        "quiet": true,
        "overwrite": false,
        "html": true,
        "json": true
      },
      "version": "5.2.0"
    }
  }
}