{
  "stats": {
    "suites": 1,
    "tests": 1,
    "passes": 1,
    "pending": 0,
    "failures": 0,
    "start": "2022-04-22T05:14:33.178Z",
    "end": "2022-04-22T05:14:42.869Z",
    "duration": 9691,
    "testsRegistered": 1,
    "passPercent": 100,
    "pendingPercent": 0,
    "other": 0,
    "hasOther": false,
    "skipped": 0,
    "hasSkipped": false
  },
  "results": [
    {
      "uuid": "9ddaf854-46fd-40df-942c-33461fafd2bc",
      "title": "",
      "fullFile": "cypress/integration/session1/Iframe.spe.js",
      "file": "cypress/integration/session1/Iframe.spe.js",
      "beforeHooks": [],
      "afterHooks": [],
      "tests": [],
      "suites": [
        {
          "uuid": "8eae5834-417c-448a-a18c-f3d6fe07fcab",
          "title": "Iframe",
          "fullFile": "",
          "file": "",
          "beforeHooks": [],
          "afterHooks": [],
          "tests": [
            {
              "title": "Manupilating Iframe",
              "fullTitle": "Iframe Manupilating Iframe",
              "timedOut": null,
              "duration": 7805,
              "state": "passed",
              "speed": "medium",
              "pass": true,
              "fail": false,
              "pending": false,
              "context": null,
              "code": "cy.visit(Cypress.env('url') + '/AutomationPractice/');\ncy.frameLoaded('#courses-iframe');\ncy.iframe().find('a[href=\"/mentorship\"]').eq(0).click();\ncy.wait(500);\ncy.iframe().find('div h1.pricing-title').should('have.length', 2);",
              "err": {},
              "uuid": "e27160e7-366e-4642-8f88-5127afb2009f",
              "parentUUID": "8eae5834-417c-448a-a18c-f3d6fe07fcab",
              "isHook": false,
              "skipped": false
            }
          ],
          "suites": [],
          "passes": [
            "e27160e7-366e-4642-8f88-5127afb2009f"
          ],
          "failures": [],
          "pending": [],
          "skipped": [],
          "duration": 7805,
          "root": false,
          "rootEmpty": false,
          "_timeout": 2000
        }
      ],
      "passes": [],
      "failures": [],
      "pending": [],
      "skipped": [],
      "duration": 0,
      "root": true,
      "rootEmpty": true,
      "_timeout": 2000
    }
  ],
  "meta": {
    "mocha": {
      "version": "7.0.1"
    },
    "mochawesome": {
      "options": {
        "quiet": true,
        "reportFilename": "mochawesome",
        "saveHtml": true,
        "saveJson": true,
        "consoleReporter": "spec",
        "useInlineDiffs": false,
        "code": true
      },
      "version": "6.3.1"
    },
    "marge": {
      "options": {
        "id": "default",
        "reportDir": "mochawesome-report",
        "quiet": true,
        "overwrite": false,
        "html": true,
        "json": true
      },
      "version": "5.2.0"
    }
  }
}