{
  "stats": {
    "suites": 1,
    "tests": 2,
    "passes": 2,
    "pending": 0,
    "failures": 0,
    "start": "2022-04-23T06:32:41.773Z",
    "end": "2022-04-23T06:32:46.172Z",
    "duration": 4399,
    "testsRegistered": 2,
    "passPercent": 100,
    "pendingPercent": 0,
    "other": 0,
    "hasOther": false,
    "skipped": 0,
    "hasSkipped": false
  },
  "results": [
    {
      "uuid": "342a6105-4d6c-4eb9-a812-20017f10547f",
      "title": "",
      "fullFile": "cypress/integration/intercept/getBook.spec.js",
      "file": "cypress/integration/intercept/getBook.spec.js",
      "beforeHooks": [],
      "afterHooks": [],
      "tests": [],
      "suites": [
        {
          "uuid": "c472c625-c02c-423b-83dd-9c2e3cbfd25c",
          "title": "Intercept",
          "fullFile": "",
          "file": "",
          "beforeHooks": [],
          "afterHooks": [],
          "tests": [
            {
              "title": "Get book",
              "fullTitle": "Intercept Get book",
              "timedOut": null,
              "duration": 1649,
              "state": "passed",
              "speed": "fast",
              "pass": true,
              "fail": false,
              "pending": false,
              "context": null,
              "code": "cy.intercept({\n  method: 'GET',\n  url: 'https://rahulshettyacademy.com/Library/GetBook.php?AuthorName=shetty'\n}, {\n  statusCode: 200,\n  body: [{\n    book_name: \"Clean Code\",\n    isbn: \"CC\",\n    aisle: \"2301\"\n  }]\n}).as('getBooks');\ncy.get('button[routerlink=\"/library\"]').click();\ncy.wait('@getBooks').should(({\n  response\n}) => {\n  cy.get('tr').should('have.length', response.body.length + 1);\n});\ncy.get('p').should('have.text', 'Oops only 1 Book available');",
              "err": {},
              "uuid": "807830cd-c427-430e-8a4f-01ade584941d",
              "parentUUID": "c472c625-c02c-423b-83dd-9c2e3cbfd25c",
              "isHook": false,
              "skipped": false
            },
            {
              "title": "Status code validation",
              "fullTitle": "Intercept Status code validation",
              "timedOut": null,
              "duration": 643,
              "state": "passed",
              "speed": "fast",
              "pass": true,
              "fail": false,
              "pending": false,
              "context": null,
              "code": "cy.intercept('GET', 'https://rahulshettyacademy.com/Library/GetBook.php?AuthorName=shetty', req => {\n  req.url = 'https://rahulshettyacademy.com/Library/GetBook.php?AuthorName=malhotra';\n  req.continue(response => {// expect(response.statusCode).to.equal(403);\n  });\n}).as('dummyUrl');\ncy.get('button[routerlink=\"/library\"]').click();\ncy.wait('@dummyUrl');",
              "err": {},
              "uuid": "0a936cf2-5b06-4b81-bd5f-1cedf3e08a34",
              "parentUUID": "c472c625-c02c-423b-83dd-9c2e3cbfd25c",
              "isHook": false,
              "skipped": false
            }
          ],
          "suites": [],
          "passes": [
            "807830cd-c427-430e-8a4f-01ade584941d",
            "0a936cf2-5b06-4b81-bd5f-1cedf3e08a34"
          ],
          "failures": [],
          "pending": [],
          "skipped": [],
          "duration": 2292,
          "root": false,
          "rootEmpty": false,
          "_timeout": 2000
        }
      ],
      "passes": [],
      "failures": [],
      "pending": [],
      "skipped": [],
      "duration": 0,
      "root": true,
      "rootEmpty": true,
      "_timeout": 2000
    }
  ],
  "meta": {
    "mocha": {
      "version": "7.0.1"
    },
    "mochawesome": {
      "options": {
        "quiet": true,
        "reportFilename": "mochawesome",
        "saveHtml": true,
        "saveJson": true,
        "consoleReporter": "spec",
        "useInlineDiffs": false,
        "code": true
      },
      "version": "6.3.1"
    },
    "marge": {
      "options": {
        "id": "default",
        "reportDir": "mochawesome-report",
        "quiet": true,
        "overwrite": false,
        "html": true,
        "json": true
      },
      "version": "5.2.0"
    }
  }
}