{
  "stats": {
    "suites": 1,
    "tests": 1,
    "passes": 1,
    "pending": 0,
    "failures": 0,
    "start": "2022-04-22T04:16:28.845Z",
    "end": "2022-04-22T04:16:32.478Z",
    "duration": 3633,
    "testsRegistered": 1,
    "passPercent": 100,
    "pendingPercent": 0,
    "other": 0,
    "hasOther": false,
    "skipped": 0,
    "hasSkipped": false
  },
  "results": [
    {
      "uuid": "0dba5ae0-3770-421c-944c-aae49824e9c3",
      "title": "",
      "fullFile": "cypress/integration/intercept/getBook.spec.js",
      "file": "cypress/integration/intercept/getBook.spec.js",
      "beforeHooks": [],
      "afterHooks": [],
      "tests": [],
      "suites": [
        {
          "uuid": "54aed247-61e7-423b-966a-ae2b8c0be4b8",
          "title": "API",
          "fullFile": "",
          "file": "",
          "beforeHooks": [],
          "afterHooks": [],
          "tests": [
            {
              "title": "Get book",
              "fullTitle": "API Get book",
              "timedOut": null,
              "duration": 1575,
              "state": "passed",
              "speed": "fast",
              "pass": true,
              "fail": false,
              "pending": false,
              "context": null,
              "code": "cy.visit(Cypress.env('url') + '/angularAppdemo/');\ncy.intercept({\n  method: 'GET',\n  url: 'https://rahulshettyacademy.com/Library/GetBook.php?AuthorName=shetty'\n}, {\n  statusCode: 200,\n  body: [{\n    book_name: \"RestAssured with Java\",\n    isbn: \"RSU\",\n    aisle: \"2301\"\n  }]\n}).as('getBooks');\ncy.get('button[routerlink=\"/library\"]').click();\ncy.wait('@getBooks');\ncy.get('p').should('have.text', 'Oops only 1 Book available');",
              "err": {},
              "uuid": "1974140a-7e29-4557-90a6-e03924d2ccdb",
              "parentUUID": "54aed247-61e7-423b-966a-ae2b8c0be4b8",
              "isHook": false,
              "skipped": false
            }
          ],
          "suites": [],
          "passes": [
            "1974140a-7e29-4557-90a6-e03924d2ccdb"
          ],
          "failures": [],
          "pending": [],
          "skipped": [],
          "duration": 1575,
          "root": false,
          "rootEmpty": false,
          "_timeout": 2000
        }
      ],
      "passes": [],
      "failures": [],
      "pending": [],
      "skipped": [],
      "duration": 0,
      "root": true,
      "rootEmpty": true,
      "_timeout": 2000
    }
  ],
  "meta": {
    "mocha": {
      "version": "7.0.1"
    },
    "mochawesome": {
      "options": {
        "quiet": true,
        "reportFilename": "mochawesome",
        "saveHtml": true,
        "saveJson": true,
        "consoleReporter": "spec",
        "useInlineDiffs": false,
        "code": true
      },
      "version": "6.3.1"
    },
    "marge": {
      "options": {
        "id": "default",
        "reportDir": "mochawesome-report",
        "quiet": true,
        "overwrite": false,
        "html": true,
        "json": true
      },
      "version": "5.2.0"
    }
  }
}