{
  "stats": {
    "suites": 1,
    "tests": 1,
    "passes": 1,
    "pending": 0,
    "failures": 0,
    "start": "2022-04-22T05:51:11.657Z",
    "end": "2022-04-22T05:51:22.391Z",
    "duration": 10734,
    "testsRegistered": 1,
    "passPercent": 100,
    "pendingPercent": 0,
    "other": 0,
    "hasOther": false,
    "skipped": 0,
    "hasSkipped": false
  },
  "results": [
    {
      "uuid": "41f97e88-6314-463d-a77f-c33c6ca9893c",
      "title": "",
      "fullFile": "cypress/integration/session1/Iframe.spe.js",
      "file": "cypress/integration/session1/Iframe.spe.js",
      "beforeHooks": [],
      "afterHooks": [],
      "tests": [],
      "suites": [
        {
          "uuid": "671b3ef9-5646-4e96-b786-ed98418289db",
          "title": "Iframe",
          "fullFile": "",
          "file": "",
          "beforeHooks": [],
          "afterHooks": [],
          "tests": [
            {
              "title": "Manupilating Iframe",
              "fullTitle": "Iframe Manupilating Iframe",
              "timedOut": null,
              "duration": 8615,
              "state": "passed",
              "speed": "medium",
              "pass": true,
              "fail": false,
              "pending": false,
              "context": null,
              "code": "cy.visit(Cypress.env('url') + '/AutomationPractice/');\ncy.frameLoaded('#courses-iframe');\ncy.iframe().find('a[href=\"/mentorship\"]').eq(0).click();\ncy.wait(500);\ncy.iframe().find('div h1.pricing-title').should('have.length', 2);",
              "err": {},
              "uuid": "f3a5c4d6-8bca-4832-9762-5fe4806738c3",
              "parentUUID": "671b3ef9-5646-4e96-b786-ed98418289db",
              "isHook": false,
              "skipped": false
            }
          ],
          "suites": [],
          "passes": [
            "f3a5c4d6-8bca-4832-9762-5fe4806738c3"
          ],
          "failures": [],
          "pending": [],
          "skipped": [],
          "duration": 8615,
          "root": false,
          "rootEmpty": false,
          "_timeout": 2000
        }
      ],
      "passes": [],
      "failures": [],
      "pending": [],
      "skipped": [],
      "duration": 0,
      "root": true,
      "rootEmpty": true,
      "_timeout": 2000
    }
  ],
  "meta": {
    "mocha": {
      "version": "7.0.1"
    },
    "mochawesome": {
      "options": {
        "quiet": true,
        "reportFilename": "mochawesome",
        "saveHtml": true,
        "saveJson": true,
        "consoleReporter": "spec",
        "useInlineDiffs": false,
        "code": true
      },
      "version": "6.3.1"
    },
    "marge": {
      "options": {
        "id": "default",
        "reportDir": "mochawesome-report",
        "quiet": true,
        "overwrite": false,
        "html": true,
        "json": true
      },
      "version": "5.2.0"
    }
  }
}