{
  "stats": {
    "suites": 1,
    "tests": 1,
    "passes": 1,
    "pending": 0,
    "failures": 0,
    "start": "2022-04-12T01:37:34.852Z",
    "end": "2022-04-12T01:37:44.832Z",
    "duration": 9980,
    "testsRegistered": 1,
    "passPercent": 100,
    "pendingPercent": 0,
    "other": 0,
    "hasOther": false,
    "skipped": 0,
    "hasSkipped": false
  },
  "results": [
    {
      "uuid": "093146f7-be6e-4f8e-976c-44c1e5f9068a",
      "title": "",
      "fullFile": "cypress/integration/session1/test1.spec.js",
      "file": "cypress/integration/session1/test1.spec.js",
      "beforeHooks": [],
      "afterHooks": [],
      "tests": [],
      "suites": [
        {
          "uuid": "1ce9495e-3f6e-4c86-aba5-238a62f06e5a",
          "title": "my first test suite",
          "fullFile": "",
          "file": "",
          "beforeHooks": [],
          "afterHooks": [],
          "tests": [
            {
              "title": "my first test case",
              "fullTitle": "my first test suite my first test case",
              "timedOut": null,
              "duration": 8726,
              "state": "passed",
              "speed": "medium",
              "pass": true,
              "fail": false,
              "pending": false,
              "context": null,
              "code": "cy.visit(Cypress.env('url') + '/seleniumPractise/#/');\ncy.get('.products').as('productLocator');\ncy.get('input.search-keyword').type('ca');\ncy.wait(2000);\ncy.get('div.product:visible').should('have.length', 4);\ncy.get('@productLocator').find('.product').should('have.length', 4);\ncy.get('@productLocator').find('.product').eq(2).contains('ADD TO CART').click();\nconsole.log('test');\ncy.get('@productLocator').find('.product').each($el => {\n  const textVeg = $el.find('h4.product-name').text();\n  if (textVeg.includes('Cashews')) {\n    cy.wrap($el).find('button').click();\n  }\n});\ncy.get('.brand').should('have.text', 'GREENKART');\nconst logo = cy.get('.brand').then(logoelement => {\n  cy.log(logoelement.text());\n});",
              "err": {},
              "uuid": "006b49a6-3f32-4fec-b752-649eada4d9cc",
              "parentUUID": "1ce9495e-3f6e-4c86-aba5-238a62f06e5a",
              "isHook": false,
              "skipped": false
            }
          ],
          "suites": [],
          "passes": [
            "006b49a6-3f32-4fec-b752-649eada4d9cc"
          ],
          "failures": [],
          "pending": [],
          "skipped": [],
          "duration": 8726,
          "root": false,
          "rootEmpty": false,
          "_timeout": 2000
        }
      ],
      "passes": [],
      "failures": [],
      "pending": [],
      "skipped": [],
      "duration": 0,
      "root": true,
      "rootEmpty": true,
      "_timeout": 2000
    }
  ],
  "meta": {
    "mocha": {
      "version": "7.0.1"
    },
    "mochawesome": {
      "options": {
        "quiet": true,
        "reportFilename": "mochawesome",
        "saveHtml": true,
        "saveJson": true,
        "consoleReporter": "spec",
        "useInlineDiffs": false,
        "code": true
      },
      "version": "6.3.1"
    },
    "marge": {
      "options": {
        "id": "default",
        "reportDir": "mochawesome-report",
        "quiet": true,
        "overwrite": false,
        "html": true,
        "json": true
      },
      "version": "5.2.0"
    }
  }
}