{
  "stats": {
    "suites": 1,
    "tests": 1,
    "passes": 1,
    "pending": 0,
    "failures": 0,
    "start": "2022-05-14T05:51:49.806Z",
    "end": "2022-05-14T05:51:56.105Z",
    "duration": 6299,
    "testsRegistered": 1,
    "passPercent": 100,
    "pendingPercent": 0,
    "other": 0,
    "hasOther": false,
    "skipped": 0,
    "hasSkipped": false
  },
  "results": [
    {
      "uuid": "b4e70f16-a375-43ac-a0f0-7ee2b2a26cfe",
      "title": "",
      "fullFile": "cypress/integration/session1/tables.spec.js",
      "file": "cypress/integration/session1/tables.spec.js",
      "beforeHooks": [],
      "afterHooks": [],
      "tests": [],
      "suites": [
        {
          "uuid": "72ecad40-207e-4d9c-8af2-038082d844d2",
          "title": "Get content in tables",
          "fullFile": "",
          "file": "",
          "beforeHooks": [],
          "afterHooks": [],
          "tests": [
            {
              "title": "Get Title and Number in table",
              "fullTitle": "Get content in tables Get Title and Number in table",
              "timedOut": null,
              "duration": 4742,
              "state": "passed",
              "speed": "fast",
              "pass": true,
              "fail": false,
              "pending": false,
              "context": null,
              "code": "/**\n * Hadling tables using each command\n */\ncy.visit(Cypress.env('url') + '/AutomationPractice/');\ncy.get('tr td:nth-child(2)').each(($e1, index) => {\n  const text = $e1.text();\n  if (text.includes('Python')) {\n    cy.get('tr td:nth-child(2)').eq(index).next().then(price => {\n      expect(price.text(), 'Preço').to.equal('25');\n    });\n  }\n});",
              "err": {},
              "uuid": "8dbc99ad-4162-47a6-9c71-e80e405b396f",
              "parentUUID": "72ecad40-207e-4d9c-8af2-038082d844d2",
              "isHook": false,
              "skipped": false
            }
          ],
          "suites": [],
          "passes": [
            "8dbc99ad-4162-47a6-9c71-e80e405b396f"
          ],
          "failures": [],
          "pending": [],
          "skipped": [],
          "duration": 4742,
          "root": false,
          "rootEmpty": false,
          "_timeout": 2000
        }
      ],
      "passes": [],
      "failures": [],
      "pending": [],
      "skipped": [],
      "duration": 0,
      "root": true,
      "rootEmpty": true,
      "_timeout": 2000
    }
  ],
  "meta": {
    "mocha": {
      "version": "7.0.1"
    },
    "mochawesome": {
      "options": {
        "quiet": true,
        "reportFilename": "mochawesome",
        "saveHtml": true,
        "saveJson": true,
        "consoleReporter": "spec",
        "useInlineDiffs": false,
        "code": true
      },
      "version": "6.3.1"
    },
    "marge": {
      "options": {
        "id": "default",
        "reportDir": "mochawesome-report",
        "quiet": true,
        "overwrite": false,
        "html": true,
        "json": true
      },
      "version": "5.2.0"
    }
  }
}