{
  "stats": {
    "suites": 1,
    "tests": 1,
    "passes": 1,
    "pending": 0,
    "failures": 0,
    "start": "2022-04-22T05:50:19.182Z",
    "end": "2022-04-22T05:51:10.316Z",
    "duration": 51134,
    "testsRegistered": 1,
    "passPercent": 100,
    "pendingPercent": 0,
    "other": 0,
    "hasOther": false,
    "skipped": 0,
    "hasSkipped": false
  },
  "results": [
    {
      "uuid": "af35e93d-e264-4ff2-a5e7-885b0b7cbaef",
      "title": "",
      "fullFile": "cypress/integration/session1/checkout.spec.js",
      "file": "cypress/integration/session1/checkout.spec.js",
      "beforeHooks": [],
      "afterHooks": [],
      "tests": [],
      "suites": [
        {
          "uuid": "6201ffc8-150c-40e6-b818-59845e2a1de6",
          "title": "Checkout",
          "fullFile": "",
          "file": "",
          "beforeHooks": [],
          "afterHooks": [],
          "tests": [
            {
              "title": "Fill form and checkout",
              "fullTitle": "Checkout Fill form and checkout",
              "timedOut": null,
              "duration": 49663,
              "state": "passed",
              "speed": "slow",
              "pass": true,
              "fail": false,
              "pending": false,
              "context": null,
              "code": "cy.visit(Cypress.env('url') + '/angularpractice/');\n_homePage.default.getEditBox().should('have.attr', 'minlength', '2');\n_homePage.default.getEditBox().type(this.data.name);\n_homePage.default.getTwoDataBinding().should('have.value', this.data.name);\n_homePage.default.getPassword().type(this.data.password, {\n  log: false\n});\n_homePage.default.getGender().select(this.data.gender);\n_homePage.default.getEntrepreneaur().should('be.disabled');\n_homePage.default.getShopTab().click();\nthis.data.productName.forEach(element => {\n  cy.addProductCart(element);\n});\n_productPage.default.checkOutButton().click();\nvar sum = 0;\ncy.get('tr td:nth-child(4) strong').each($el => {\n  const amount = $el.text();\n  var res = amount.split(\" \");\n  res = res[1].trim();\n  sum = sum + parseInt(res);\n}).then(() => {\n  cy.get('tr td:nth-child(5) strong').should('have.text', `₹. ${sum}`); //sum is the total amount\n});\ncy.contains(\"Checkout\").click();\ncy.get('input#country').type(this.data.country);\ncy.get('.suggestions > ul > li > a').click();\ncy.get('#checkbox2').check({\n  force: true\n}).should('be.checked');\ncy.get('input[value=\"Purchase\"]').click(); //cy.get('div.alert-success').should('be.visible').should('contain', 'Success! Thank you!');\ncy.get('div.alert-success').then(text => {\n  const actualText = text.text();\n  expect(actualText.includes('Success')).to.be.true;\n  cy.log('Test passed');\n});",
              "err": {},
              "uuid": "bba667cb-1a51-4ec8-8597-01cbc0f16d66",
              "parentUUID": "6201ffc8-150c-40e6-b818-59845e2a1de6",
              "isHook": false,
              "skipped": false
            }
          ],
          "suites": [],
          "passes": [
            "bba667cb-1a51-4ec8-8597-01cbc0f16d66"
          ],
          "failures": [],
          "pending": [],
          "skipped": [],
          "duration": 49663,
          "root": false,
          "rootEmpty": false,
          "_timeout": 2000
        }
      ],
      "passes": [],
      "failures": [],
      "pending": [],
      "skipped": [],
      "duration": 0,
      "root": true,
      "rootEmpty": true,
      "_timeout": 2000
    }
  ],
  "meta": {
    "mocha": {
      "version": "7.0.1"
    },
    "mochawesome": {
      "options": {
        "quiet": true,
        "reportFilename": "mochawesome",
        "saveHtml": true,
        "saveJson": true,
        "consoleReporter": "spec",
        "useInlineDiffs": false,
        "code": true
      },
      "version": "6.3.1"
    },
    "marge": {
      "options": {
        "id": "default",
        "reportDir": "mochawesome-report",
        "quiet": true,
        "overwrite": false,
        "html": true,
        "json": true
      },
      "version": "5.2.0"
    }
  }
}