{
  "stats": {
    "suites": 1,
    "tests": 1,
    "passes": 1,
    "pending": 0,
    "failures": 0,
    "start": "2022-04-23T05:46:17.437Z",
    "end": "2022-04-23T05:46:27.438Z",
    "duration": 10001,
    "testsRegistered": 1,
    "passPercent": 100,
    "pendingPercent": 0,
    "other": 0,
    "hasOther": false,
    "skipped": 0,
    "hasSkipped": false
  },
  "results": [
    {
      "uuid": "c05654d2-b31d-4c46-aa2e-40323d0fc69a",
      "title": "",
      "fullFile": "cypress/integration/session1/Iframe.spe.js",
      "file": "cypress/integration/session1/Iframe.spe.js",
      "beforeHooks": [],
      "afterHooks": [],
      "tests": [],
      "suites": [
        {
          "uuid": "d8efbba9-242c-4283-8a89-c48cdf39dc00",
          "title": "Iframe",
          "fullFile": "",
          "file": "",
          "beforeHooks": [],
          "afterHooks": [],
          "tests": [
            {
              "title": "Manupilating Iframe",
              "fullTitle": "Iframe Manupilating Iframe",
              "timedOut": null,
              "duration": 8083,
              "state": "passed",
              "speed": "medium",
              "pass": true,
              "fail": false,
              "pending": false,
              "context": null,
              "code": "cy.visit(Cypress.env('url') + '/AutomationPractice/');\ncy.frameLoaded('#courses-iframe');\ncy.iframe().find('a[href=\"/mentorship\"]').eq(0).click();\ncy.wait(500);\ncy.iframe().find('div h1.pricing-title').should('have.length', 2);",
              "err": {},
              "uuid": "8c8b4802-01b1-43d4-8b65-ed7407cb5c73",
              "parentUUID": "d8efbba9-242c-4283-8a89-c48cdf39dc00",
              "isHook": false,
              "skipped": false
            }
          ],
          "suites": [],
          "passes": [
            "8c8b4802-01b1-43d4-8b65-ed7407cb5c73"
          ],
          "failures": [],
          "pending": [],
          "skipped": [],
          "duration": 8083,
          "root": false,
          "rootEmpty": false,
          "_timeout": 2000
        }
      ],
      "passes": [],
      "failures": [],
      "pending": [],
      "skipped": [],
      "duration": 0,
      "root": true,
      "rootEmpty": true,
      "_timeout": 2000
    }
  ],
  "meta": {
    "mocha": {
      "version": "7.0.1"
    },
    "mochawesome": {
      "options": {
        "quiet": true,
        "reportFilename": "mochawesome",
        "saveHtml": true,
        "saveJson": true,
        "consoleReporter": "spec",
        "useInlineDiffs": false,
        "code": true
      },
      "version": "6.3.1"
    },
    "marge": {
      "options": {
        "id": "default",
        "reportDir": "mochawesome-report",
        "quiet": true,
        "overwrite": false,
        "html": true,
        "json": true
      },
      "version": "5.2.0"
    }
  }
}