{
  "stats": {
    "suites": 1,
    "tests": 1,
    "passes": 1,
    "pending": 0,
    "failures": 0,
    "start": "2022-04-12T01:50:18.034Z",
    "end": "2022-04-12T01:50:31.828Z",
    "duration": 13794,
    "testsRegistered": 1,
    "passPercent": 100,
    "pendingPercent": 0,
    "other": 0,
    "hasOther": false,
    "skipped": 0,
    "hasSkipped": false
  },
  "results": [
    {
      "uuid": "9f39ce6c-e983-4535-a0e7-cb05c12d64a2",
      "title": "",
      "fullFile": "cypress/integration/session1/tabsWindows.js",
      "file": "cypress/integration/session1/tabsWindows.js",
      "beforeHooks": [],
      "afterHooks": [],
      "tests": [],
      "suites": [
        {
          "uuid": "69fa6ce3-ffc2-4e07-8b84-92e8977d6dc6",
          "title": "Tabs Windows",
          "fullFile": "",
          "file": "",
          "beforeHooks": [],
          "afterHooks": [],
          "tests": [
            {
              "title": "Tabs Windows",
              "fullTitle": "Tabs Windows Tabs Windows",
              "timedOut": null,
              "duration": 11722,
              "state": "passed",
              "speed": "slow",
              "pass": true,
              "fail": false,
              "pending": false,
              "context": null,
              "code": "cy.visit(Cypress.env('url') + '/AutomationPractice/');\ncy.get('#opentab').then(el => {\n  const url = el.prop('href');\n  cy.log(url);\n  cy.visit(url);\n  cy.go(\"back\");\n});",
              "err": {},
              "uuid": "b259d3d6-b73e-4543-87cc-3531c4e40ab1",
              "parentUUID": "69fa6ce3-ffc2-4e07-8b84-92e8977d6dc6",
              "isHook": false,
              "skipped": false
            }
          ],
          "suites": [],
          "passes": [
            "b259d3d6-b73e-4543-87cc-3531c4e40ab1"
          ],
          "failures": [],
          "pending": [],
          "skipped": [],
          "duration": 11722,
          "root": false,
          "rootEmpty": false,
          "_timeout": 2000
        }
      ],
      "passes": [],
      "failures": [],
      "pending": [],
      "skipped": [],
      "duration": 0,
      "root": true,
      "rootEmpty": true,
      "_timeout": 2000
    }
  ],
  "meta": {
    "mocha": {
      "version": "7.0.1"
    },
    "mochawesome": {
      "options": {
        "quiet": true,
        "reportFilename": "mochawesome",
        "saveHtml": true,
        "saveJson": true,
        "consoleReporter": "spec",
        "useInlineDiffs": false,
        "code": true
      },
      "version": "6.3.1"
    },
    "marge": {
      "options": {
        "id": "default",
        "reportDir": "mochawesome-report",
        "quiet": true,
        "overwrite": false,
        "html": true,
        "json": true
      },
      "version": "5.2.0"
    }
  }
}