{
  "stats": {
    "suites": 1,
    "tests": 1,
    "passes": 1,
    "pending": 0,
    "failures": 0,
    "start": "2022-05-14T05:51:57.400Z",
    "end": "2022-05-14T05:52:06.679Z",
    "duration": 9279,
    "testsRegistered": 1,
    "passPercent": 100,
    "pendingPercent": 0,
    "other": 0,
    "hasOther": false,
    "skipped": 0,
    "hasSkipped": false
  },
  "results": [
    {
      "uuid": "94ec3613-9e5c-448d-ae93-8900157088f8",
      "title": "",
      "fullFile": "cypress/integration/session1/tabsWindows.js",
      "file": "cypress/integration/session1/tabsWindows.js",
      "beforeHooks": [],
      "afterHooks": [],
      "tests": [],
      "suites": [
        {
          "uuid": "67f980ad-609f-41ec-abd0-ffafd90eccd8",
          "title": "Tabs Windows",
          "fullFile": "",
          "file": "",
          "beforeHooks": [],
          "afterHooks": [],
          "tests": [
            {
              "title": "Tabs Windows",
              "fullTitle": "Tabs Windows Tabs Windows",
              "timedOut": null,
              "duration": 7165,
              "state": "passed",
              "speed": "medium",
              "pass": true,
              "fail": false,
              "pending": false,
              "context": null,
              "code": "cy.visit(Cypress.env('url') + '/AutomationPractice/');\ncy.get('#opentab').then(el => {\n  const url = el.prop('href');\n  cy.log(url);\n  cy.visit(url);\n  cy.go(\"back\");\n});",
              "err": {},
              "uuid": "76f57bf5-4950-4c78-b2a7-84a0760005ba",
              "parentUUID": "67f980ad-609f-41ec-abd0-ffafd90eccd8",
              "isHook": false,
              "skipped": false
            }
          ],
          "suites": [],
          "passes": [
            "76f57bf5-4950-4c78-b2a7-84a0760005ba"
          ],
          "failures": [],
          "pending": [],
          "skipped": [],
          "duration": 7165,
          "root": false,
          "rootEmpty": false,
          "_timeout": 2000
        }
      ],
      "passes": [],
      "failures": [],
      "pending": [],
      "skipped": [],
      "duration": 0,
      "root": true,
      "rootEmpty": true,
      "_timeout": 2000
    }
  ],
  "meta": {
    "mocha": {
      "version": "7.0.1"
    },
    "mochawesome": {
      "options": {
        "quiet": true,
        "reportFilename": "mochawesome",
        "saveHtml": true,
        "saveJson": true,
        "consoleReporter": "spec",
        "useInlineDiffs": false,
        "code": true
      },
      "version": "6.3.1"
    },
    "marge": {
      "options": {
        "id": "default",
        "reportDir": "mochawesome-report",
        "quiet": true,
        "overwrite": false,
        "html": true,
        "json": true
      },
      "version": "5.2.0"
    }
  }
}